<?xml version="1.0" encoding="UTF-8"?>
<testng-results skipped="0" failed="0" ignored="0" total="1" passed="1">
  <reporter-output>
  </reporter-output>
  <suite name="Default suite" duration-ms="33149" started-at="2019-02-27T07:25:24Z" finished-at="2019-02-27T07:25:57Z">
    <groups>
    </groups>
    <test name="Default test" duration-ms="33149" started-at="2019-02-27T07:25:24Z" finished-at="2019-02-27T07:25:57Z">
      <class name="com.qa.test.LoginTest">
        <test-method status="PASS" signature="loginTestScenario()[pri:0, instance:com.qa.test.LoginTest@604ed9f0]" name="loginTestScenario" duration-ms="32875" started-at="2019-02-27T07:25:24Z" finished-at="2019-02-27T07:25:57Z">
          <reporter-output>
          </reporter-output>
        </test-method> <!-- loginTestScenario -->
      </class> <!-- com.qa.test.LoginTest -->
    </test> <!-- Default test -->
  </suite> <!-- Default suite -->
</testng-results>
