<?xml version="1.0" encoding="UTF-8"?>
<testng-results skipped="0" failed="0" ignored="0" total="1" passed="1">
  <reporter-output>
  </reporter-output>
  <suite name="Default suite" duration-ms="39304" started-at="2019-02-24T13:30:48Z" finished-at="2019-02-24T13:31:28Z">
    <groups>
    </groups>
    <test name="Default test" duration-ms="39304" started-at="2019-02-24T13:30:48Z" finished-at="2019-02-24T13:31:28Z">
      <class name="com.qa.test.LoginTest">
        <test-method status="PASS" signature="loginTestScenario()[pri:0, instance:com.qa.test.LoginTest@604ed9f0]" name="loginTestScenario" duration-ms="39232" started-at="2019-02-24T13:30:48Z" finished-at="2019-02-24T13:31:28Z">
          <reporter-output>
          </reporter-output>
        </test-method> <!-- loginTestScenario -->
      </class> <!-- com.qa.test.LoginTest -->
    </test> <!-- Default test -->
  </suite> <!-- Default suite -->
</testng-results>
